polybar|warn:  No monitor specified, using "eDP1"
polybar|error: Disabling module "bswpm" (reason: Missing parameter "module/bswpm.type")
polybar|warn:  Dropping unmatched character  (U+e26f)
polybar|warn:  Dropping unmatched character  (U+e028)
polybar|warn:  Dropping unmatched character  (U+e026)
polybar|warn:  Dropping unmatched character  (U+e21a)
polybar|warn:  Dropping unmatched character  (U+e1ba)
polybar|warn:  Dropping unmatched character  (U+e23a)
polybar|warn:  Dropping unmatched character  (U+e0cb)
polybar|warn:  Dropping unmatched character  (U+e016)
polybar|warn:  Dropping unmatched character  (U+e10c)
polybar|warn:  Dropping unmatched character  (U+e26f)
polybar|warn:  Dropping unmatched character  (U+e028)
polybar|warn:  Dropping unmatched character  (U+e026)
polybar|warn:  Dropping unmatched character  (U+e21a)
polybar|warn:  Dropping unmatched character  (U+e1ba)
polybar|warn:  Dropping unmatched character  (U+e23a)
polybar|warn:  Dropping unmatched character  (U+e0cb)
polybar|warn:  Dropping unmatched character  (U+e016)
polybar|warn:  Dropping unmatched character  (U+e10c)
polybar|warn:  Dropping unmatched character  (U+e26f)
polybar|warn:  Dropping unmatched character  (U+e028)
polybar|warn:  Dropping unmatched character  (U+e026)
polybar|warn:  Dropping unmatched character  (U+e21a)
polybar|warn:  Dropping unmatched character  (U+e1ba)
polybar|warn:  Dropping unmatched character  (U+e23a)
polybar|warn:  Dropping unmatched character  (U+e0cb)
polybar|warn:  Dropping unmatched character  (U+e016)
polybar|warn:  Dropping unmatched character  (U+e10c)
polybar|warn:  Dropping unmatched character  (U+e26f)
polybar|warn:  Dropping unmatched character  (U+e028)
polybar|warn:  Dropping unmatched character  (U+e026)
polybar|warn:  Dropping unmatched character  (U+e21a)
polybar|warn:  Dropping unmatched character  (U+e1ba)
polybar|warn:  Dropping unmatched character  (U+e23a)
polybar|warn:  Dropping unmatched character  (U+e0cb)
polybar|warn:  Dropping unmatched character  (U+e016)
polybar|warn:  Dropping unmatched character  (U+e10c)
polybar|warn:  Dropping unmatched character  (U+e26f)
polybar|warn:  Dropping unmatched character  (U+e028)
polybar|warn:  Dropping unmatched character  (U+e026)
polybar|warn:  Dropping unmatched character  (U+e21a)
polybar|warn:  Dropping unmatched character  (U+e1ba)
polybar|warn:  Dropping unmatched character  (U+e23a)
polybar|warn:  Dropping unmatched character  (U+e0cb)
polybar|warn:  Dropping unmatched character  (U+e016)
polybar|warn:  Dropping unmatched character  (U+e10c)
polybar|warn:  Dropping unmatched character  (U+e26f)
polybar|warn:  Dropping unmatched character  (U+e028)
polybar|warn:  Dropping unmatched character  (U+e026)
polybar|warn:  Dropping unmatched character  (U+e21a)
polybar|warn:  Dropping unmatched character  (U+e1ba)
polybar|warn:  Dropping unmatched character  (U+e23a)
polybar|warn:  Dropping unmatched character  (U+e0cb)
polybar|warn:  Dropping unmatched character  (U+e016)
polybar|warn:  Dropping unmatched character  (U+e10c)
polybar|warn:  Dropping unmatched character  (U+e26f)
polybar|warn:  Dropping unmatched character  (U+e028)
polybar|warn:  Dropping unmatched character  (U+e026)
polybar|warn:  Dropping unmatched character  (U+e21a)
polybar|warn:  Dropping unmatched character  (U+e1ba)
polybar|warn:  Dropping unmatched character  (U+e23a)
polybar|warn:  Dropping unmatched character  (U+e0cb)
polybar|warn:  Dropping unmatched character  (U+e016)
polybar|warn:  Dropping unmatched character  (U+e10c)
polybar|warn:  Dropping unmatched character  (U+e26f)
polybar|warn:  Dropping unmatched character  (U+e028)
polybar|warn:  Dropping unmatched character  (U+e026)
polybar|warn:  Dropping unmatched character  (U+e21a)
polybar|warn:  Dropping unmatched character  (U+e1ba)
polybar|warn:  Dropping unmatched character  (U+e23a)
polybar|warn:  Dropping unmatched character  (U+e0cb)
polybar|warn:  Dropping unmatched character  (U+e016)
polybar|warn:  Dropping unmatched character  (U+e10c)
polybar|warn:  Dropping unmatched character  (U+e26f)
polybar|warn:  Dropping unmatched character  (U+e028)
polybar|warn:  Dropping unmatched character  (U+e026)
polybar|warn:  Dropping unmatched character  (U+e21a)
polybar|warn:  Dropping unmatched character  (U+e1ba)
polybar|warn:  Dropping unmatched character  (U+e23a)
polybar|warn:  Dropping unmatched character  (U+e0cb)
polybar|warn:  Dropping unmatched character  (U+e016)
polybar|warn:  Dropping unmatched character  (U+e10c)
polybar|warn:  Dropping unmatched character  (U+e26f)
polybar|warn:  Dropping unmatched character  (U+e028)
polybar|warn:  Dropping unmatched character  (U+e026)
polybar|warn:  Dropping unmatched character  (U+e21a)
polybar|warn:  Dropping unmatched character  (U+e1ba)
polybar|warn:  Dropping unmatched character  (U+e23a)
polybar|warn:  Dropping unmatched character  (U+e0cb)
polybar|warn:  Dropping unmatched character  (U+e016)
polybar|warn:  Dropping unmatched character  (U+e10c)
polybar|warn:  Dropping unmatched character  (U+e26f)
polybar|warn:  Dropping unmatched character  (U+e028)
polybar|warn:  Dropping unmatched character  (U+e026)
polybar|warn:  Dropping unmatched character  (U+e21a)
polybar|warn:  Dropping unmatched character  (U+e1ba)
polybar|warn:  Dropping unmatched character  (U+e23a)
polybar|warn:  Dropping unmatched character  (U+e0cb)
polybar|warn:  Dropping unmatched character  (U+e016)
polybar|warn:  Dropping unmatched character  (U+e10c)
polybar|warn:  Dropping unmatched character  (U+e26f)
polybar|warn:  Dropping unmatched character  (U+e028)
polybar|warn:  Dropping unmatched character  (U+e026)
polybar|warn:  Dropping unmatched character  (U+e21a)
polybar|warn:  Dropping unmatched character  (U+e1ba)
polybar|warn:  Dropping unmatched character  (U+e23a)
polybar|warn:  Dropping unmatched character  (U+e0cb)
polybar|warn:  Dropping unmatched character  (U+e016)
polybar|warn:  Dropping unmatched character  (U+e10c)
polybar|warn:  Dropping unmatched character  (U+e26f)
polybar|warn:  Dropping unmatched character  (U+e028)
polybar|warn:  Dropping unmatched character  (U+e026)
polybar|warn:  Dropping unmatched character  (U+e21a)
polybar|warn:  Dropping unmatched character  (U+e1ba)
polybar|warn:  Dropping unmatched character  (U+e23a)
polybar|warn:  Dropping unmatched character  (U+e0cb)
polybar|warn:  Dropping unmatched character  (U+e016)
polybar|warn:  Dropping unmatched character  (U+e10c)
polybar|warn:  Dropping unmatched character  (U+e26f)
polybar|warn:  Dropping unmatched character  (U+e028)
polybar|warn:  Dropping unmatched character  (U+e026)
polybar|warn:  Dropping unmatched character  (U+e21a)
polybar|warn:  Dropping unmatched character  (U+e1ba)
polybar|warn:  Dropping unmatched character  (U+e23a)
polybar|warn:  Dropping unmatched character  (U+e0cb)
polybar|warn:  Dropping unmatched character  (U+e016)
polybar|warn:  Dropping unmatched character  (U+e10c)
polybar|warn:  Dropping unmatched character  (U+e26f)
polybar|warn:  Dropping unmatched character  (U+e028)
polybar|warn:  Dropping unmatched character  (U+e026)
polybar|warn:  Dropping unmatched character  (U+e21a)
polybar|warn:  Dropping unmatched character  (U+e1ba)
polybar|warn:  Dropping unmatched character  (U+e23a)
polybar|warn:  Dropping unmatched character  (U+e0cb)
polybar|warn:  Dropping unmatched character  (U+e016)
polybar|warn:  Dropping unmatched character  (U+e10c)
polybar|warn:  Dropping unmatched character  (U+e26f)
polybar|warn:  Dropping unmatched character  (U+e028)
polybar|warn:  Dropping unmatched character  (U+e026)
polybar|warn:  Dropping unmatched character  (U+e21a)
polybar|warn:  Dropping unmatched character  (U+e1ba)
polybar|warn:  Dropping unmatched character  (U+e23a)
polybar|warn:  Dropping unmatched character  (U+e0cb)
polybar|warn:  Dropping unmatched character  (U+e016)
polybar|warn:  Dropping unmatched character  (U+e10c)
polybar|warn:  Dropping unmatched character  (U+e26f)
polybar|warn:  Dropping unmatched character  (U+e028)
polybar|warn:  Dropping unmatched character  (U+e026)
polybar|warn:  Dropping unmatched character  (U+e21a)
polybar|warn:  Dropping unmatched character  (U+e1ba)
polybar|warn:  Dropping unmatched character  (U+e23a)
polybar|warn:  Dropping unmatched character  (U+e0cb)
polybar|warn:  Dropping unmatched character  (U+e016)
polybar|warn:  Dropping unmatched character  (U+e10c)
polybar|warn:  Dropping unmatched character  (U+e26f)
polybar|warn:  Dropping unmatched character  (U+e028)
polybar|warn:  Dropping unmatched character  (U+e026)
polybar|warn:  Dropping unmatched character  (U+e21a)
polybar|warn:  Dropping unmatched character  (U+e1ba)
polybar|warn:  Dropping unmatched character  (U+e23a)
polybar|warn:  Dropping unmatched character  (U+e0cb)
polybar|warn:  Dropping unmatched character  (U+e016)
polybar|warn:  Dropping unmatched character  (U+e10c)
polybar|warn:  Dropping unmatched character  (U+e26f)
polybar|warn:  Dropping unmatched character  (U+e028)
polybar|warn:  Dropping unmatched character  (U+e026)
polybar|warn:  Dropping unmatched character  (U+e21a)
polybar|warn:  Dropping unmatched character  (U+e1ba)
polybar|warn:  Dropping unmatched character  (U+e23a)
polybar|warn:  Dropping unmatched character  (U+e0cb)
polybar|warn:  Dropping unmatched character  (U+e016)
polybar|warn:  Dropping unmatched character  (U+e10c)
polybar|warn:  Dropping unmatched character  (U+e26f)
polybar|warn:  Dropping unmatched character  (U+e028)
polybar|warn:  Dropping unmatched character  (U+e026)
polybar|warn:  Dropping unmatched character  (U+e21a)
polybar|warn:  Dropping unmatched character  (U+e1ba)
polybar|warn:  Dropping unmatched character  (U+e23a)
polybar|warn:  Dropping unmatched character  (U+e0cb)
polybar|warn:  Dropping unmatched character  (U+e016)
polybar|warn:  Dropping unmatched character  (U+e10c)
polybar|warn:  Dropping unmatched character  (U+e26f)
polybar|warn:  Dropping unmatched character  (U+e028)
polybar|warn:  Dropping unmatched character  (U+e026)
polybar|warn:  Dropping unmatched character  (U+e21a)
polybar|warn:  Dropping unmatched character  (U+e1ba)
polybar|warn:  Dropping unmatched character  (U+e23a)
polybar|warn:  Dropping unmatched character  (U+e0cb)
polybar|warn:  Dropping unmatched character  (U+e016)
polybar|warn:  Dropping unmatched character  (U+e10c)
polybar|warn:  Dropping unmatched character  (U+e26f)
polybar|warn:  Dropping unmatched character  (U+e028)
polybar|warn:  Dropping unmatched character  (U+e026)
polybar|warn:  Dropping unmatched character  (U+e21a)
polybar|warn:  Dropping unmatched character  (U+e1ba)
polybar|warn:  Dropping unmatched character  (U+e23a)
polybar|warn:  Dropping unmatched character  (U+e0cb)
polybar|warn:  Dropping unmatched character  (U+e016)
polybar|warn:  Dropping unmatched character  (U+e10c)
polybar|warn:  Dropping unmatched character  (U+e26f)
polybar|warn:  Dropping unmatched character  (U+e028)
polybar|warn:  Dropping unmatched character  (U+e026)
polybar|warn:  Dropping unmatched character  (U+e21a)
polybar|warn:  Dropping unmatched character  (U+e1ba)
polybar|warn:  Dropping unmatched character  (U+e23a)
polybar|warn:  Dropping unmatched character  (U+e0cb)
polybar|warn:  Dropping unmatched character  (U+e016)
polybar|warn:  Dropping unmatched character  (U+e10c)
polybar|warn:  Dropping unmatched character  (U+e26f)
polybar|warn:  Dropping unmatched character  (U+e028)
polybar|warn:  Dropping unmatched character  (U+e026)
polybar|warn:  Dropping unmatched character  (U+e21a)
polybar|warn:  Dropping unmatched character  (U+e1ba)
polybar|warn:  Dropping unmatched character  (U+e23a)
polybar|warn:  Dropping unmatched character  (U+e0cb)
polybar|warn:  Dropping unmatched character  (U+e016)
polybar|warn:  Dropping unmatched character  (U+e10c)
polybar|warn:  Dropping unmatched character  (U+e26f)
polybar|warn:  Dropping unmatched character  (U+e028)
polybar|warn:  Dropping unmatched character  (U+e026)
polybar|warn:  Dropping unmatched character  (U+e21a)
polybar|warn:  Dropping unmatched character  (U+e1ba)
polybar|warn:  Dropping unmatched character  (U+e23a)
polybar|warn:  Dropping unmatched character  (U+e0cb)
polybar|warn:  Dropping unmatched character  (U+e016)
polybar|warn:  Dropping unmatched character  (U+e10c)
polybar|warn:  Dropping unmatched character  (U+e26f)
polybar|warn:  Dropping unmatched character  (U+e028)
polybar|warn:  Dropping unmatched character  (U+e026)
polybar|warn:  Dropping unmatched character  (U+e21a)
polybar|warn:  Dropping unmatched character  (U+e1ba)
polybar|warn:  Dropping unmatched character  (U+e23a)
polybar|warn:  Dropping unmatched character  (U+e0cb)
polybar|warn:  Dropping unmatched character  (U+e016)
polybar|warn:  Dropping unmatched character  (U+e10c)
polybar|warn:  Dropping unmatched character  (U+e26f)
polybar|warn:  Dropping unmatched character  (U+e028)
polybar|warn:  Dropping unmatched character  (U+e026)
polybar|warn:  Dropping unmatched character  (U+e21a)
polybar|warn:  Dropping unmatched character  (U+e1ba)
polybar|warn:  Dropping unmatched character  (U+e23a)
polybar|warn:  Dropping unmatched character  (U+e0cb)
polybar|warn:  Dropping unmatched character  (U+e016)
polybar|warn:  Dropping unmatched character  (U+e10c)
polybar|warn:  Dropping unmatched character  (U+e26f)
polybar|warn:  Dropping unmatched character  (U+e028)
polybar|warn:  Dropping unmatched character  (U+e026)
polybar|warn:  Dropping unmatched character  (U+e21a)
polybar|warn:  Dropping unmatched character  (U+e1ba)
polybar|warn:  Dropping unmatched character  (U+e23a)
polybar|warn:  Dropping unmatched character  (U+e0cb)
polybar|warn:  Dropping unmatched character  (U+e016)
polybar|warn:  Dropping unmatched character  (U+e10c)
polybar|warn:  Dropping unmatched character  (U+e26f)
polybar|warn:  Dropping unmatched character  (U+e028)
polybar|warn:  Dropping unmatched character  (U+e026)
polybar|warn:  Dropping unmatched character  (U+e21a)
polybar|warn:  Dropping unmatched character  (U+e1ba)
polybar|warn:  Dropping unmatched character  (U+e23a)
polybar|warn:  Dropping unmatched character  (U+e0cb)
polybar|warn:  Dropping unmatched character  (U+e016)
polybar|warn:  Dropping unmatched character  (U+e10c)
polybar|warn:  Dropping unmatched character  (U+e26f)
polybar|warn:  Dropping unmatched character  (U+e028)
polybar|warn:  Dropping unmatched character  (U+e026)
polybar|warn:  Dropping unmatched character  (U+e21a)
polybar|warn:  Dropping unmatched character  (U+e1ba)
polybar|warn:  Dropping unmatched character  (U+e23a)
polybar|warn:  Dropping unmatched character  (U+e0cb)
polybar|warn:  Dropping unmatched character  (U+e016)
polybar|warn:  Dropping unmatched character  (U+e10c)
polybar|warn:  Dropping unmatched character  (U+e26f)
polybar|warn:  Dropping unmatched character  (U+e028)
polybar|warn:  Dropping unmatched character  (U+e026)
polybar|warn:  Dropping unmatched character  (U+e21a)
polybar|warn:  Dropping unmatched character  (U+e1ba)
polybar|warn:  Dropping unmatched character  (U+e23a)
polybar|warn:  Dropping unmatched character  (U+e0cb)
polybar|warn:  Dropping unmatched character  (U+e016)
polybar|warn:  Dropping unmatched character  (U+e10c)
polybar|warn:  Dropping unmatched character  (U+e26f)
polybar|warn:  Dropping unmatched character  (U+e028)
polybar|warn:  Dropping unmatched character  (U+e026)
polybar|warn:  Dropping unmatched character  (U+e21a)
polybar|warn:  Dropping unmatched character  (U+e1ba)
polybar|warn:  Dropping unmatched character  (U+e23a)
polybar|warn:  Dropping unmatched character  (U+e0cb)
polybar|warn:  Dropping unmatched character  (U+e016)
polybar|warn:  Dropping unmatched character  (U+e10c)
polybar|warn:  Dropping unmatched character  (U+e26f)
polybar|warn:  Dropping unmatched character  (U+e028)
polybar|warn:  Dropping unmatched character  (U+e026)
polybar|warn:  Dropping unmatched character  (U+e21a)
polybar|warn:  Dropping unmatched character  (U+e1ba)
polybar|warn:  Dropping unmatched character  (U+e23a)
polybar|warn:  Dropping unmatched character  (U+e0cb)
polybar|warn:  Dropping unmatched character  (U+e016)
polybar|warn:  Dropping unmatched character  (U+e10c)
polybar|warn:  Dropping unmatched character  (U+e26f)
polybar|warn:  Dropping unmatched character  (U+e028)
polybar|warn:  Dropping unmatched character  (U+e026)
polybar|warn:  Dropping unmatched character  (U+e21a)
polybar|warn:  Dropping unmatched character  (U+e1ba)
polybar|warn:  Dropping unmatched character  (U+e23a)
polybar|warn:  Dropping unmatched character  (U+e0cb)
polybar|warn:  Dropping unmatched character  (U+e016)
polybar|warn:  Dropping unmatched character  (U+e10c)
polybar|warn:  Dropping unmatched character  (U+e26f)
polybar|warn:  Dropping unmatched character  (U+e028)
polybar|warn:  Dropping unmatched character  (U+e026)
polybar|warn:  Dropping unmatched character  (U+e21a)
polybar|warn:  Dropping unmatched character  (U+e1ba)
polybar|warn:  Dropping unmatched character  (U+e23a)
polybar|warn:  Dropping unmatched character  (U+e0cb)
polybar|warn:  Dropping unmatched character  (U+e016)
polybar|warn:  Dropping unmatched character  (U+e10c)
polybar|warn:  Dropping unmatched character  (U+e26f)
polybar|warn:  Dropping unmatched character  (U+e028)
polybar|warn:  Dropping unmatched character  (U+e026)
polybar|warn:  Dropping unmatched character  (U+e21a)
polybar|warn:  Dropping unmatched character  (U+e1ba)
polybar|warn:  Dropping unmatched character  (U+e23a)
polybar|warn:  Dropping unmatched character  (U+e0cb)
polybar|warn:  Dropping unmatched character  (U+e016)
polybar|warn:  Dropping unmatched character  (U+e10c)
polybar|warn:  Dropping unmatched character  (U+e26f)
polybar|warn:  Dropping unmatched character  (U+e028)
polybar|warn:  Dropping unmatched character  (U+e026)
polybar|warn:  Dropping unmatched character  (U+e21a)
polybar|warn:  Dropping unmatched character  (U+e1ba)
polybar|warn:  Dropping unmatched character  (U+e23a)
polybar|warn:  Dropping unmatched character  (U+e0cb)
polybar|warn:  Dropping unmatched character  (U+e016)
polybar|warn:  Dropping unmatched character  (U+e10c)
polybar|warn:  Dropping unmatched character  (U+e26f)
polybar|warn:  Dropping unmatched character  (U+e028)
polybar|warn:  Dropping unmatched character  (U+e026)
polybar|warn:  Dropping unmatched character  (U+e21a)
polybar|warn:  Dropping unmatched character  (U+e1ba)
polybar|warn:  Dropping unmatched character  (U+e23a)
polybar|warn:  Dropping unmatched character  (U+e0cb)
polybar|warn:  Dropping unmatched character  (U+e016)
polybar|warn:  Dropping unmatched character  (U+e10c)
polybar|warn:  Dropping unmatched character  (U+e26f)
polybar|warn:  Dropping unmatched character  (U+e028)
polybar|warn:  Dropping unmatched character  (U+e026)
polybar|warn:  Dropping unmatched character  (U+e21a)
polybar|warn:  Dropping unmatched character  (U+e1ba)
polybar|warn:  Dropping unmatched character  (U+e23a)
polybar|warn:  Dropping unmatched character  (U+e0cb)
polybar|warn:  Dropping unmatched character  (U+e016)
polybar|warn:  Dropping unmatched character  (U+e10c)
polybar|warn:  Dropping unmatched character  (U+e26f)
polybar|warn:  Dropping unmatched character  (U+e028)
polybar|warn:  Dropping unmatched character  (U+e026)
polybar|warn:  Dropping unmatched character  (U+e21a)
polybar|warn:  Dropping unmatched character  (U+e1ba)
polybar|warn:  Dropping unmatched character  (U+e23a)
polybar|warn:  Dropping unmatched character  (U+e0cb)
polybar|warn:  Dropping unmatched character  (U+e016)
polybar|warn:  Dropping unmatched character  (U+e10c)
polybar|warn:  Dropping unmatched character  (U+e26f)
polybar|warn:  Dropping unmatched character  (U+e028)
polybar|warn:  Dropping unmatched character  (U+e026)
polybar|warn:  Dropping unmatched character  (U+e21a)
polybar|warn:  Dropping unmatched character  (U+e1ba)
polybar|warn:  Dropping unmatched character  (U+e23a)
polybar|warn:  Dropping unmatched character  (U+e0cb)
polybar|warn:  Dropping unmatched character  (U+e016)
polybar|warn:  Dropping unmatched character  (U+e10c)
polybar|warn:  Dropping unmatched character  (U+e26f)
polybar|warn:  Dropping unmatched character  (U+e028)
polybar|warn:  Dropping unmatched character  (U+e026)
polybar|warn:  Dropping unmatched character  (U+e21a)
polybar|warn:  Dropping unmatched character  (U+e1ba)
polybar|warn:  Dropping unmatched character  (U+e23a)
polybar|warn:  Dropping unmatched character  (U+e0cb)
polybar|warn:  Dropping unmatched character  (U+e016)
polybar|warn:  Dropping unmatched character  (U+e10c)
polybar|warn:  Dropping unmatched character  (U+e26f)
polybar|warn:  Dropping unmatched character  (U+e028)
polybar|warn:  Dropping unmatched character  (U+e026)
polybar|warn:  Dropping unmatched character  (U+e21a)
polybar|warn:  Dropping unmatched character  (U+e1ba)
polybar|warn:  Dropping unmatched character  (U+e23a)
polybar|warn:  Dropping unmatched character  (U+e0cb)
polybar|warn:  Dropping unmatched character  (U+e016)
polybar|warn:  Dropping unmatched character  (U+e10c)
polybar|warn:  Dropping unmatched character  (U+e26f)
polybar|warn:  Dropping unmatched character  (U+e028)
polybar|warn:  Dropping unmatched character  (U+e026)
polybar|warn:  Dropping unmatched character  (U+e21a)
polybar|warn:  Dropping unmatched character  (U+e1ba)
polybar|warn:  Dropping unmatched character  (U+e23a)
polybar|warn:  Dropping unmatched character  (U+e0cb)
polybar|warn:  Dropping unmatched character  (U+e016)
polybar|warn:  Dropping unmatched character  (U+e10c)
polybar|warn:  Dropping unmatched character  (U+e26f)
polybar|warn:  Dropping unmatched character  (U+e028)
polybar|warn:  Dropping unmatched character  (U+e026)
polybar|warn:  Dropping unmatched character  (U+e21a)
polybar|warn:  Dropping unmatched character  (U+e1ba)
polybar|warn:  Dropping unmatched character  (U+e23a)
polybar|warn:  Dropping unmatched character  (U+e0cb)
polybar|warn:  Dropping unmatched character  (U+e016)
polybar|warn:  Dropping unmatched character  (U+e10c)
polybar|warn:  Dropping unmatched character  (U+e26f)
polybar|warn:  Dropping unmatched character  (U+e028)
polybar|warn:  Dropping unmatched character  (U+e026)
polybar|warn:  Dropping unmatched character  (U+e21a)
polybar|warn:  Dropping unmatched character  (U+e1ba)
polybar|warn:  Dropping unmatched character  (U+e23a)
polybar|warn:  Dropping unmatched character  (U+e0cb)
polybar|warn:  Dropping unmatched character  (U+e016)
polybar|warn:  Dropping unmatched character  (U+e10c)
polybar|warn:  Dropping unmatched character  (U+e26f)
polybar|warn:  Dropping unmatched character  (U+e028)
polybar|warn:  Dropping unmatched character  (U+e026)
polybar|warn:  Dropping unmatched character  (U+e21a)
polybar|warn:  Dropping unmatched character  (U+e1ba)
polybar|warn:  Dropping unmatched character  (U+e23a)
polybar|warn:  Dropping unmatched character  (U+e0cb)
polybar|warn:  Dropping unmatched character  (U+e016)
polybar|warn:  Dropping unmatched character  (U+e10c)
polybar|warn:  Dropping unmatched character  (U+e26f)
polybar|warn:  Dropping unmatched character  (U+e028)
polybar|warn:  Dropping unmatched character  (U+e026)
polybar|warn:  Dropping unmatched character  (U+e21a)
polybar|warn:  Dropping unmatched character  (U+e1ba)
polybar|warn:  Dropping unmatched character  (U+e23a)
polybar|warn:  Dropping unmatched character  (U+e0cb)
polybar|warn:  Dropping unmatched character  (U+e016)
polybar|warn:  Dropping unmatched character  (U+e10c)
polybar|warn:  Dropping unmatched character  (U+e26f)
polybar|warn:  Dropping unmatched character  (U+e028)
polybar|warn:  Dropping unmatched character  (U+e026)
polybar|warn:  Dropping unmatched character  (U+e21a)
polybar|warn:  Dropping unmatched character  (U+e1ba)
polybar|warn:  Dropping unmatched character  (U+e23a)
polybar|warn:  Dropping unmatched character  (U+e0cb)
polybar|warn:  Dropping unmatched character  (U+e016)
polybar|warn:  Dropping unmatched character  (U+e10c)
polybar|warn:  Dropping unmatched character  (U+e26f)
polybar|warn:  Dropping unmatched character  (U+e028)
polybar|warn:  Dropping unmatched character  (U+e026)
polybar|warn:  Dropping unmatched character  (U+e21a)
polybar|warn:  Dropping unmatched character  (U+e1ba)
polybar|warn:  Dropping unmatched character  (U+e23a)
polybar|warn:  Dropping unmatched character  (U+e0cb)
polybar|warn:  Dropping unmatched character  (U+e016)
polybar|warn:  Dropping unmatched character  (U+e10c)
polybar|warn:  Dropping unmatched character  (U+e26f)
polybar|warn:  Dropping unmatched character  (U+e028)
polybar|warn:  Dropping unmatched character  (U+e026)
polybar|warn:  Dropping unmatched character  (U+e21a)
polybar|warn:  Dropping unmatched character  (U+e1ba)
polybar|warn:  Dropping unmatched character  (U+e23a)
polybar|warn:  Dropping unmatched character  (U+e0cb)
polybar|warn:  Dropping unmatched character  (U+e016)
polybar|warn:  Dropping unmatched character  (U+e10c)
polybar|warn:  Dropping unmatched character  (U+e26f)
polybar|warn:  Dropping unmatched character  (U+e028)
polybar|warn:  Dropping unmatched character  (U+e026)
polybar|warn:  Dropping unmatched character  (U+e21a)
polybar|warn:  Dropping unmatched character  (U+e1ba)
polybar|warn:  Dropping unmatched character  (U+e23a)
polybar|warn:  Dropping unmatched character  (U+e0cb)
polybar|warn:  Dropping unmatched character  (U+e016)
polybar|warn:  Dropping unmatched character  (U+e10c)
polybar|warn:  Dropping unmatched character  (U+e26f)
polybar|warn:  Dropping unmatched character  (U+e028)
polybar|warn:  Dropping unmatched character  (U+e026)
polybar|warn:  Dropping unmatched character  (U+e21a)
polybar|warn:  Dropping unmatched character  (U+e1ba)
polybar|warn:  Dropping unmatched character  (U+e23a)
polybar|warn:  Dropping unmatched character  (U+e0cb)
polybar|warn:  Dropping unmatched character  (U+e016)
polybar|warn:  Dropping unmatched character  (U+e10c)
polybar|warn:  Dropping unmatched character  (U+e26f)
polybar|warn:  Dropping unmatched character  (U+e028)
polybar|warn:  Dropping unmatched character  (U+e026)
polybar|warn:  Dropping unmatched character  (U+e21a)
polybar|warn:  Dropping unmatched character  (U+e1ba)
polybar|warn:  Dropping unmatched character  (U+e23a)
polybar|warn:  Dropping unmatched character  (U+e0cb)
polybar|warn:  Dropping unmatched character  (U+e016)
polybar|warn:  Dropping unmatched character  (U+e10c)
polybar|warn:  Dropping unmatched character  (U+e26f)
polybar|warn:  Dropping unmatched character  (U+e028)
polybar|warn:  Dropping unmatched character  (U+e026)
polybar|warn:  Dropping unmatched character  (U+e21a)
polybar|warn:  Dropping unmatched character  (U+e1ba)
polybar|warn:  Dropping unmatched character  (U+e23a)
polybar|warn:  Dropping unmatched character  (U+e0cb)
polybar|warn:  Dropping unmatched character  (U+e016)
polybar|warn:  Dropping unmatched character  (U+e10c)
polybar|warn:  Dropping unmatched character  (U+e26f)
polybar|warn:  Dropping unmatched character  (U+e028)
polybar|warn:  Dropping unmatched character  (U+e026)
polybar|warn:  Dropping unmatched character  (U+e21a)
polybar|warn:  Dropping unmatched character  (U+e1ba)
polybar|warn:  Dropping unmatched character  (U+e23a)
polybar|warn:  Dropping unmatched character  (U+e0cb)
polybar|warn:  Dropping unmatched character  (U+e016)
polybar|warn:  Dropping unmatched character  (U+e10c)
polybar|warn:  Dropping unmatched character  (U+e26f)
polybar|warn:  Dropping unmatched character  (U+e028)
polybar|warn:  Dropping unmatched character  (U+e026)
polybar|warn:  Dropping unmatched character  (U+e21a)
polybar|warn:  Dropping unmatched character  (U+e1ba)
polybar|warn:  Dropping unmatched character  (U+e23a)
polybar|warn:  Dropping unmatched character  (U+e0cb)
polybar|warn:  Dropping unmatched character  (U+e016)
polybar|warn:  Dropping unmatched character  (U+e10c)
polybar|warn:  Dropping unmatched character  (U+e26f)
polybar|warn:  Dropping unmatched character  (U+e028)
polybar|warn:  Dropping unmatched character  (U+e026)
polybar|warn:  Dropping unmatched character  (U+e21a)
polybar|warn:  Dropping unmatched character  (U+e1ba)
polybar|warn:  Dropping unmatched character  (U+e23a)
polybar|warn:  Dropping unmatched character  (U+e0cb)
polybar|warn:  Dropping unmatched character  (U+e016)
polybar|warn:  Dropping unmatched character  (U+e10c)
